<?xml version="1.0" encoding="UTF-8"?>
<testsuite xmlns:xsi="http://www.w3.org/2001/XMLSchema-instance" xsi:schemaLocation="https://maven.apache.org/surefire/maven-surefire-plugin/xsd/surefire-test-report.xsd" name="com.ceichhorst.reservation.dao.ReservationDaoTest" time="34.339" tests="6" errors="0" skipped="0" failures="0">
  <properties>
[...]
</properties>
  <testcase name="testUpdateReservation" classname="com.ceichhorst.reservation.dao.ReservationDaoTest" time="2.789"/>
  <testcase name="testGetById" classname="com.ceichhorst.reservation.dao.ReservationDaoTest" time="0.264"/>
  <testcase name="testSaveReservation" classname="com.ceichhorst.reservation.dao.ReservationDaoTest" time="0.178"/>
  <testcase name="testDeleteReservation" classname="com.ceichhorst.reservation.dao.ReservationDaoTest" time="0.317"/>
  <testcase name="testCreateReservationIfAvailable_failure" classname="com.ceichhorst.reservation.dao.ReservationDaoTest" time="0.438"/>
  <testcase name="testCreateReservationIfAvailable" classname="com.ceichhorst.reservation.dao.ReservationDaoTest" time="0.201"/>
</testsuite>